# JRE version: OpenJDK Runtime Environment (8.0_312-b07) (build 1.8.0_312-b07)
# Java VM: OpenJDK 64-Bit Server VM (25.312-b07 mixed mode windows-amd64 compressed oops)
Heap:
 PSYoungGen      total 237568K, used 14460K [0x0000000715d80000, 0x0000000729f00000, 0x00000007c0000000)
  eden space 210944K, 0% used [0x0000000715d80000,0x0000000715d80000,0x0000000722b80000)
  from space 26624K, 54% used [0x0000000722b80000,0x000000072399f1d0,0x0000000724580000)
  to   space 25600K, 0% used [0x0000000728600000,0x0000000728600000,0x0000000729f00000)
 ParOldGen       total 556032K, used 17198K [0x00000005c1800000, 0x00000005e3700000, 0x0000000715d80000)
  object space 556032K, 3% used [0x00000005c1800000,0x00000005c28cb870,0x00000005e3700000)
 Metaspace       used 91310K, capacity 98146K, committed 98264K, reserved 1134592K
  class space    used 12130K, capacity 12532K, committed 12544K, reserved 1048576K
GC Heap History (10 events):
Event: 2.901 GC heap after
Heap after GC invocations=6 (full 2):
 PSYoungGen      total 193536K, used 9611K [0x0000000715d80000, 0x0000000723800000, 0x00000007c0000000)
  eden space 172032K, 0% used [0x0000000715d80000,0x0000000715d80000,0x0000000720580000)
  from space 21504K, 44% used [0x0000000721a80000,0x00000007223e2d70,0x0000000722f80000)
  to   space 21504K, 0% used [0x0000000720580000,0x0000000720580000,0x0000000721a80000)
 ParOldGen       total 387584K, used 17332K [0x00000005c1800000, 0x00000005d9280000, 0x0000000715d80000)
  object space 387584K, 4% used [0x00000005c1800000,0x00000005c28ed058,0x00000005d9280000)
 Metaspace       used 55824K, capacity 58938K, committed 58968K, reserved 1101824K
  class space    used 7044K, capacity 7293K, committed 7296K, reserved 1048576K
}
Event: 2.901 GC heap before
{Heap before GC invocations=7 (full 3):
 PSYoungGen      total 193536K, used 9611K [0x0000000715d80000, 0x0000000723800000, 0x00000007c0000000)
  eden space 172032K, 0% used [0x0000000715d80000,0x0000000715d80000,0x0000000720580000)
  from space 21504K, 44% used [0x0000000721a80000,0x00000007223e2d70,0x0000000722f80000)
  to   space 21504K, 0% used [0x0000000720580000,0x0000000720580000,0x0000000721a80000)
 ParOldGen       total 387584K, used 17332K [0x00000005c1800000, 0x00000005d9280000, 0x0000000715d80000)
  object space 387584K, 4% used [0x00000005c1800000,0x00000005c28ed058,0x00000005d9280000)
 Metaspace       used 55824K, capacity 58938K, committed 58968K, reserved 1101824K
  class space    used 7044K, capacity 7293K, committed 7296K, reserved 1048576K
Event: 2.952 GC heap after
Heap after GC invocations=7 (full 3):
 PSYoungGen      total 193536K, used 0K [0x0000000715d80000, 0x0000000723800000, 0x00000007c0000000)
  eden space 172032K, 0% used [0x0000000715d80000,0x0000000715d80000,0x0000000720580000)
  from space 21504K, 0% used [0x0000000721a80000,0x0000000721a80000,0x0000000722f80000)
  to   space 21504K, 0% used [0x0000000720580000,0x0000000720580000,0x0000000721a80000)
 ParOldGen       total 556032K, used 17166K [0x00000005c1800000, 0x00000005e3700000, 0x0000000715d80000)
  object space 556032K, 3% used [0x00000005c1800000,0x00000005c28c3870,0x00000005e3700000)
 Metaspace       used 55816K, capacity 58920K, committed 58968K, reserved 1101824K
  class space    used 7041K, capacity 7288K, committed 7296K, reserved 1048576K
}
Event: 3.782 GC heap before
{Heap before GC invocations=8 (full 3):
 PSYoungGen      total 193536K, used 172032K [0x0000000715d80000, 0x0000000723800000, 0x00000007c0000000)
  eden space 172032K, 100% used [0x0000000715d80000,0x0000000720580000,0x0000000720580000)
  from space 21504K, 0% used [0x0000000721a80000,0x0000000721a80000,0x0000000722f80000)
  to   space 21504K, 0% used [0x0000000720580000,0x0000000720580000,0x0000000721a80000)
 ParOldGen       total 556032K, used 17166K [0x00000005c1800000, 0x00000005e3700000, 0x0000000715d80000)
  object space 556032K, 3% used [0x00000005c1800000,0x00000005c28c3870,0x00000005e3700000)
 Metaspace       used 71676K, capacity 75636K, committed 75736K, reserved 1116160K
  class space    used 9158K, capacity 9448K, committed 9472K, reserved 1048576K
Event: 3.789 GC heap after
Heap after GC invocations=8 (full 3):
 PSYoungGen      total 193536K, used 20893K [0x0000000715d80000, 0x0000000725c00000, 0x00000007c0000000)
  eden space 172032K, 0% used [0x0000000715d80000,0x0000000715d80000,0x0000000720580000)
  from space 21504K, 97% used [0x0000000720580000,0x00000007219e76c0,0x0000000721a80000)
  to   space 23040K, 0% used [0x0000000724580000,0x0000000724580000,0x0000000725c00000)
 ParOldGen       total 556032K, used 17174K [0x00000005c1800000, 0x00000005e3700000, 0x0000000715d80000)
  object space 556032K, 3% used [0x00000005c1800000,0x00000005c28c5870,0x00000005e3700000)
 Metaspace       used 71676K, capacity 75636K, committed 75736K, reserved 1116160K
  class space    used 9158K, capacity 9448K, committed 9472K, reserved 1048576K
}
Event: 4.566 GC heap before
{Heap before GC invocations=9 (full 3):
 PSYoungGen      total 193536K, used 192925K [0x0000000715d80000, 0x0000000725c00000, 0x00000007c0000000)
  eden space 172032K, 100% used [0x0000000715d80000,0x0000000720580000,0x0000000720580000)
  from space 21504K, 97% used [0x0000000720580000,0x00000007219e76c0,0x0000000721a80000)
  to   space 23040K, 0% used [0x0000000724580000,0x0000000724580000,0x0000000725c00000)
 ParOldGen       total 556032K, used 17174K [0x00000005c1800000, 0x00000005e3700000, 0x0000000715d80000)
  object space 556032K, 3% used [0x00000005c1800000,0x00000005c28c5870,0x00000005e3700000)
 Metaspace       used 86658K, capacity 92230K, committed 92376K, reserved 1130496K
  class space    used 11368K, capacity 11737K, committed 11776K, reserved 1048576K
Event: 4.576 GC heap after
Heap after GC invocations=9 (full 3):
 PSYoungGen      total 233984K, used 22959K [0x0000000715d80000, 0x0000000726680000, 0x00000007c0000000)
  eden space 210944K, 0% used [0x0000000715d80000,0x0000000715d80000,0x0000000722b80000)
  from space 23040K, 99% used [0x0000000724580000,0x0000000725bebf20,0x0000000725c00000)
  to   space 26624K, 0% used [0x0000000722b80000,0x0000000722b80000,0x0000000724580000)
 ParOldGen       total 556032K, used 17190K [0x00000005c1800000, 0x00000005e3700000, 0x0000000715d80000)
  object space 556032K, 3% used [0x00000005c1800000,0x00000005c28c9870,0x00000005e3700000)
 Metaspace       used 86658K, capacity 92230K, committed 92376K, reserved 1130496K
  class space    used 11368K, capacity 11737K, committed 11776K, reserved 1048576K
}
Event: 4.863 GC heap before
{Heap before GC invocations=10 (full 3):
 PSYoungGen      total 233984K, used 69868K [0x0000000715d80000, 0x0000000726680000, 0x00000007c0000000)
  eden space 210944K, 22% used [0x0000000715d80000,0x0000000718b4f288,0x0000000722b80000)
  from space 23040K, 99% used [0x0000000724580000,0x0000000725bebf20,0x0000000725c00000)
  to   space 26624K, 0% used [0x0000000722b80000,0x0000000722b80000,0x0000000724580000)
 ParOldGen       total 556032K, used 17190K [0x00000005c1800000, 0x00000005e3700000, 0x0000000715d80000)
  object space 556032K, 3% used [0x00000005c1800000,0x00000005c28c9870,0x00000005e3700000)
 Metaspace       used 91310K, capacity 98146K, committed 98264K, reserved 1134592K
  class space    used 12130K, capacity 12532K, committed 12544K, reserved 1048576K
Event: 4.869 GC heap after
Heap after GC invocations=10 (full 3):
 PSYoungGen      total 237568K, used 14460K [0x0000000715d80000, 0x0000000729f00000, 0x00000007c0000000)
  eden space 210944K, 0% used [0x0000000715d80000,0x0000000715d80000,0x0000000722b80000)
  from space 26624K, 54% used [0x0000000722b80000,0x000000072399f1d0,0x0000000724580000)
  to   space 25600K, 0% used [0x0000000728600000,0x0000000728600000,0x0000000729f00000)
 ParOldGen       total 556032K, used 17198K [0x00000005c1800000, 0x00000005e3700000, 0x0000000715d80000)
  object space 556032K, 3% used [0x00000005c1800000,0x00000005c28cb870,0x00000005e3700000)
 Metaspace       used 91310K, capacity 98146K, committed 98264K, reserved 1134592K
  class space    used 12130K, capacity 12532K, committed 12544K, reserved 1048576K
}
Event: 4.869 GC heap before
{Heap before GC invocations=11 (full 4):
 PSYoungGen      total 237568K, used 14460K [0x0000000715d80000, 0x0000000729f00000, 0x00000007c0000000)
  eden space 210944K, 0% used [0x0000000715d80000,0x0000000715d80000,0x0000000722b80000)
  from space 26624K, 54% used [0x0000000722b80000,0x000000072399f1d0,0x0000000724580000)
  to   space 25600K, 0% used [0x0000000728600000,0x0000000728600000,0x0000000729f00000)
 ParOldGen       total 556032K, used 17198K [0x00000005c1800000, 0x00000005e3700000, 0x0000000715d80000)
  object space 556032K, 3% used [0x00000005c1800000,0x00000005c28cb870,0x00000005e3700000)
 Metaspace       used 91310K, capacity 98146K, committed 98264K, reserved 1134592K
  class space    used 12130K, capacity 12532K, committed 12544K, reserved 1048576K

