# JRE version: OpenJDK Runtime Environment (8.0_312-b07) (build 1.8.0_312-b07)
# Java VM: OpenJDK 64-Bit Server VM (25.312-b07 mixed mode windows-amd64 compressed oops)
Heap:
 PSYoungGen      total 200704K, used 100213K [0x0000000715d80000, 0x0000000725f00000, 0x00000007c0000000)
  eden space 179200K, 44% used [0x0000000715d80000,0x000000071aab0e40,0x0000000720c80000)
  from space 21504K, 98% used [0x0000000720c80000,0x000000072212c5c8,0x0000000722180000)
  to   space 21504K, 0% used [0x0000000724a00000,0x0000000724a00000,0x0000000725f00000)
 ParOldGen       total 354816K, used 22763K [0x00000005c1800000, 0x00000005d7280000, 0x0000000715d80000)
  object space 354816K, 6% used [0x00000005c1800000,0x00000005c2e3ae90,0x00000005d7280000)
 Metaspace       used 82944K, capacity 88318K, committed 88536K, reserved 1126400K
  class space    used 10883K, capacity 11249K, committed 11264K, reserved 1048576K
GC Heap History (10 events):
Event: 6.037 GC heap before
{Heap before GC invocations=4 (full 2):
 PSYoungGen      total 153088K, used 13024K [0x0000000715d80000, 0x0000000720800000, 0x00000007c0000000)
  eden space 131584K, 0% used [0x0000000715d80000,0x0000000715d80000,0x000000071de00000)
  from space 21504K, 60% used [0x000000071f300000,0x000000071ffb80a0,0x0000000720800000)
  to   space 21504K, 0% used [0x000000071de00000,0x000000071de00000,0x000000071f300000)
 ParOldGen       total 145920K, used 14196K [0x00000005c1800000, 0x00000005ca680000, 0x0000000715d80000)
  object space 145920K, 9% used [0x00000005c1800000,0x00000005c25dd200,0x00000005ca680000)
 Metaspace       used 33848K, capacity 35374K, committed 35416K, reserved 1081344K
  class space    used 4268K, capacity 4452K, committed 4480K, reserved 1048576K
Event: 6.050 GC heap after
Heap after GC invocations=4 (full 2):
 PSYoungGen      total 153088K, used 0K [0x0000000715d80000, 0x0000000720800000, 0x00000007c0000000)
  eden space 131584K, 0% used [0x0000000715d80000,0x0000000715d80000,0x000000071de00000)
  from space 21504K, 0% used [0x000000071f300000,0x000000071f300000,0x0000000720800000)
  to   space 21504K, 0% used [0x000000071de00000,0x000000071de00000,0x000000071f300000)
 ParOldGen       total 244224K, used 17315K [0x00000005c1800000, 0x00000005d0680000, 0x0000000715d80000)
  object space 244224K, 7% used [0x00000005c1800000,0x00000005c28e8f48,0x00000005d0680000)
 Metaspace       used 33848K, capacity 35374K, committed 35416K, reserved 1081344K
  class space    used 4268K, capacity 4452K, committed 4480K, reserved 1048576K
}
Event: 6.619 GC heap before
{Heap before GC invocations=5 (full 2):
 PSYoungGen      total 153088K, used 131584K [0x0000000715d80000, 0x0000000720800000, 0x00000007c0000000)
  eden space 131584K, 100% used [0x0000000715d80000,0x000000071de00000,0x000000071de00000)
  from space 21504K, 0% used [0x000000071f300000,0x000000071f300000,0x0000000720800000)
  to   space 21504K, 0% used [0x000000071de00000,0x000000071de00000,0x000000071f300000)
 ParOldGen       total 244224K, used 17315K [0x00000005c1800000, 0x00000005d0680000, 0x0000000715d80000)
  object space 244224K, 7% used [0x00000005c1800000,0x00000005c28e8f48,0x00000005d0680000)
 Metaspace       used 46969K, capacity 49666K, committed 50008K, reserved 1093632K
  class space    used 5936K, capacity 6177K, committed 6272K, reserved 1048576K
Event: 6.624 GC heap after
Heap after GC invocations=5 (full 2):
 PSYoungGen      total 153088K, used 15993K [0x0000000715d80000, 0x0000000723680000, 0x00000007c0000000)
  eden space 131584K, 0% used [0x0000000715d80000,0x0000000715d80000,0x000000071de00000)
  from space 21504K, 74% used [0x000000071de00000,0x000000071ed9e5f0,0x000000071f300000)
  to   space 21504K, 0% used [0x0000000722180000,0x0000000722180000,0x0000000723680000)
 ParOldGen       total 244224K, used 17323K [0x00000005c1800000, 0x00000005d0680000, 0x0000000715d80000)
  object space 244224K, 7% used [0x00000005c1800000,0x00000005c28eaf48,0x00000005d0680000)
 Metaspace       used 46969K, capacity 49666K, committed 50008K, reserved 1093632K
  class space    used 5936K, capacity 6177K, committed 6272K, reserved 1048576K
}
Event: 6.991 GC heap before
{Heap before GC invocations=6 (full 2):
 PSYoungGen      total 153088K, used 112336K [0x0000000715d80000, 0x0000000723680000, 0x00000007c0000000)
  eden space 131584K, 73% used [0x0000000715d80000,0x000000071bb95d88,0x000000071de00000)
  from space 21504K, 74% used [0x000000071de00000,0x000000071ed9e5f0,0x000000071f300000)
  to   space 21504K, 0% used [0x0000000722180000,0x0000000722180000,0x0000000723680000)
 ParOldGen       total 244224K, used 17323K [0x00000005c1800000, 0x00000005d0680000, 0x0000000715d80000)
  object space 244224K, 7% used [0x00000005c1800000,0x00000005c28eaf48,0x00000005d0680000)
 Metaspace       used 56023K, capacity 58850K, committed 59028K, reserved 1101824K
  class space    used 7092K, capacity 7323K, committed 7424K, reserved 1048576K
Event: 6.997 GC heap after
Heap after GC invocations=6 (full 2):
 PSYoungGen      total 200704K, used 15868K [0x0000000715d80000, 0x0000000724280000, 0x00000007c0000000)
  eden space 179200K, 0% used [0x0000000715d80000,0x0000000715d80000,0x0000000720c80000)
  from space 21504K, 73% used [0x0000000722180000,0x00000007230ff260,0x0000000723680000)
  to   space 21504K, 0% used [0x0000000720c80000,0x0000000720c80000,0x0000000722180000)
 ParOldGen       total 244224K, used 17331K [0x00000005c1800000, 0x00000005d0680000, 0x0000000715d80000)
  object space 244224K, 7% used [0x00000005c1800000,0x00000005c28ecf48,0x00000005d0680000)
 Metaspace       used 56023K, capacity 58850K, committed 59028K, reserved 1101824K
  class space    used 7092K, capacity 7323K, committed 7424K, reserved 1048576K
}
Event: 6.997 GC heap before
{Heap before GC invocations=7 (full 3):
 PSYoungGen      total 200704K, used 15868K [0x0000000715d80000, 0x0000000724280000, 0x00000007c0000000)
  eden space 179200K, 0% used [0x0000000715d80000,0x0000000715d80000,0x0000000720c80000)
  from space 21504K, 73% used [0x0000000722180000,0x00000007230ff260,0x0000000723680000)
  to   space 21504K, 0% used [0x0000000720c80000,0x0000000720c80000,0x0000000722180000)
 ParOldGen       total 244224K, used 17331K [0x00000005c1800000, 0x00000005d0680000, 0x0000000715d80000)
  object space 244224K, 7% used [0x00000005c1800000,0x00000005c28ecf48,0x00000005d0680000)
 Metaspace       used 56023K, capacity 58850K, committed 59028K, reserved 1101824K
  class space    used 7092K, capacity 7323K, committed 7424K, reserved 1048576K
Event: 7.051 GC heap after
Heap after GC invocations=7 (full 3):
 PSYoungGen      total 200704K, used 0K [0x0000000715d80000, 0x0000000724280000, 0x00000007c0000000)
  eden space 179200K, 0% used [0x0000000715d80000,0x0000000715d80000,0x0000000720c80000)
  from space 21504K, 0% used [0x0000000722180000,0x0000000722180000,0x0000000723680000)
  to   space 21504K, 0% used [0x0000000720c80000,0x0000000720c80000,0x0000000722180000)
 ParOldGen       total 354816K, used 22755K [0x00000005c1800000, 0x00000005d7280000, 0x0000000715d80000)
  object space 354816K, 6% used [0x00000005c1800000,0x00000005c2e38e90,0x00000005d7280000)
 Metaspace       used 56015K, capacity 58832K, committed 59028K, reserved 1101824K
  class space    used 7089K, capacity 7318K, committed 7424K, reserved 1048576K
}
Event: 8.036 GC heap before
{Heap before GC invocations=8 (full 3):
 PSYoungGen      total 200704K, used 179200K [0x0000000715d80000, 0x0000000724280000, 0x00000007c0000000)
  eden space 179200K, 100% used [0x0000000715d80000,0x0000000720c80000,0x0000000720c80000)
  from space 21504K, 0% used [0x0000000722180000,0x0000000722180000,0x0000000723680000)
  to   space 21504K, 0% used [0x0000000720c80000,0x0000000720c80000,0x0000000722180000)
 ParOldGen       total 354816K, used 22755K [0x00000005c1800000, 0x00000005d7280000, 0x0000000715d80000)
  object space 354816K, 6% used [0x00000005c1800000,0x00000005c2e38e90,0x00000005d7280000)
 Metaspace       used 76880K, capacity 81396K, committed 81496K, reserved 1120256K
  class space    used 10004K, capacity 10339K, committed 10368K, reserved 1048576K
Event: 8.043 GC heap after
Heap after GC invocations=8 (full 3):
 PSYoungGen      total 200704K, used 21169K [0x0000000715d80000, 0x0000000725f00000, 0x00000007c0000000)
  eden space 179200K, 0% used [0x0000000715d80000,0x0000000715d80000,0x0000000720c80000)
  from space 21504K, 98% used [0x0000000720c80000,0x000000072212c5c8,0x0000000722180000)
  to   space 21504K, 0% used [0x0000000724a00000,0x0000000724a00000,0x0000000725f00000)
 ParOldGen       total 354816K, used 22763K [0x00000005c1800000, 0x00000005d7280000, 0x0000000715d80000)
  object space 354816K, 6% used [0x00000005c1800000,0x00000005c2e3ae90,0x00000005d7280000)
 Metaspace       used 76880K, capacity 81396K, committed 81496K, reserved 1120256K
  class space    used 10004K, capacity 10339K, committed 10368K, reserved 1048576K
}

